CRITICAL - 2022-03-28 08:55:44 --> Undefined property: App\Controllers\Login::$load
#0 D:\wamp64\www\elib\app\Controllers\Login.php(30): CodeIgniter\Debug\Exceptions->errorHandler(8, 'Undefined prope...', 'D:\\wamp64\\www\\e...', 30, Array)
#1 D:\wamp64\www\elib\system\CodeIgniter.php(832): App\Controllers\Login->index()
#2 D:\wamp64\www\elib\system\CodeIgniter.php(419): CodeIgniter\CodeIgniter->runController(Object(App\Controllers\Login))
#3 D:\wamp64\www\elib\system\CodeIgniter.php(326): CodeIgniter\CodeIgniter->handleRequest(NULL, Object(Config\Cache), false)
#4 D:\wamp64\www\elib\public\index.php(37): CodeIgniter\CodeIgniter->run()
#5 {main}
CRITICAL - 2022-03-28 09:53:40 --> Undefined property: CodeIgniter\View\View::$Mglobals
#0 D:\wamp64\www\elib\app\Views\backend\head.php(73): CodeIgniter\Debug\Exceptions->errorHandler(8, 'Undefined prope...', 'D:\\wamp64\\www\\e...', 73, Array)
#1 D:\wamp64\www\elib\system\View\View.php(210): include('D:\\wamp64\\www\\e...')
#2 D:\wamp64\www\elib\system\View\View.php(213): CodeIgniter\View\View->CodeIgniter\View\{closure}()
#3 D:\wamp64\www\elib\system\Common.php(1089): CodeIgniter\View\View->render('backend/head', Array, true)
#4 D:\wamp64\www\elib\app\Controllers\Beranda.php(57): view('backend/head', Array)
#5 D:\wamp64\www\elib\system\CodeIgniter.php(832): App\Controllers\Beranda->index()
#6 D:\wamp64\www\elib\system\CodeIgniter.php(419): CodeIgniter\CodeIgniter->runController(Object(App\Controllers\Beranda))
#7 D:\wamp64\www\elib\system\CodeIgniter.php(326): CodeIgniter\CodeIgniter->handleRequest(NULL, Object(Config\Cache), false)
#8 D:\wamp64\www\elib\public\index.php(37): CodeIgniter\CodeIgniter->run()
#9 {main}
CRITICAL - 2022-03-28 09:55:38 --> session_start(): A session had already been started - ignoring
#0 [internal function]: CodeIgniter\Debug\Exceptions->errorHandler(8, 'session_start()...', 'D:\\wamp64\\www\\e...', 8, Array)
#1 D:\wamp64\www\elib\app\Libraries\Nativesession.php(8): session_start()
#2 D:\wamp64\www\elib\app\Views\backend\head.php(7): App\Libraries\Nativesession->__construct()
#3 D:\wamp64\www\elib\system\View\View.php(210): include('D:\\wamp64\\www\\e...')
#4 D:\wamp64\www\elib\system\View\View.php(213): CodeIgniter\View\View->CodeIgniter\View\{closure}()
#5 D:\wamp64\www\elib\system\Common.php(1089): CodeIgniter\View\View->render('backend/head', Array, true)
#6 D:\wamp64\www\elib\app\Controllers\Beranda.php(57): view('backend/head', Array)
#7 D:\wamp64\www\elib\system\CodeIgniter.php(832): App\Controllers\Beranda->index()
#8 D:\wamp64\www\elib\system\CodeIgniter.php(419): CodeIgniter\CodeIgniter->runController(Object(App\Controllers\Beranda))
#9 D:\wamp64\www\elib\system\CodeIgniter.php(326): CodeIgniter\CodeIgniter->handleRequest(NULL, Object(Config\Cache), false)
#10 D:\wamp64\www\elib\public\index.php(37): CodeIgniter\CodeIgniter->run()
#11 {main}
CRITICAL - 2022-03-28 09:57:18 --> Undefined property: CodeIgniter\View\View::$Mglobals
#0 D:\wamp64\www\elib\app\Views\backend\head.php(86): CodeIgniter\Debug\Exceptions->errorHandler(8, 'Undefined prope...', 'D:\\wamp64\\www\\e...', 86, Array)
#1 D:\wamp64\www\elib\system\View\View.php(210): include('D:\\wamp64\\www\\e...')
#2 D:\wamp64\www\elib\system\View\View.php(213): CodeIgniter\View\View->CodeIgniter\View\{closure}()
#3 D:\wamp64\www\elib\system\Common.php(1089): CodeIgniter\View\View->render('backend/head', Array, true)
#4 D:\wamp64\www\elib\app\Controllers\Beranda.php(57): view('backend/head', Array)
#5 D:\wamp64\www\elib\system\CodeIgniter.php(832): App\Controllers\Beranda->index()
#6 D:\wamp64\www\elib\system\CodeIgniter.php(419): CodeIgniter\CodeIgniter->runController(Object(App\Controllers\Beranda))
#7 D:\wamp64\www\elib\system\CodeIgniter.php(326): CodeIgniter\CodeIgniter->handleRequest(NULL, Object(Config\Cache), false)
#8 D:\wamp64\www\elib\public\index.php(37): CodeIgniter\CodeIgniter->run()
#9 {main}
CRITICAL - 2022-03-28 09:57:41 --> Undefined property: CodeIgniter\View\View::$model
#0 D:\wamp64\www\elib\app\Views\backend\head.php(86): CodeIgniter\Debug\Exceptions->errorHandler(8, 'Undefined prope...', 'D:\\wamp64\\www\\e...', 86, Array)
#1 D:\wamp64\www\elib\system\View\View.php(210): include('D:\\wamp64\\www\\e...')
#2 D:\wamp64\www\elib\system\View\View.php(213): CodeIgniter\View\View->CodeIgniter\View\{closure}()
#3 D:\wamp64\www\elib\system\Common.php(1089): CodeIgniter\View\View->render('backend/head', Array, true)
#4 D:\wamp64\www\elib\app\Controllers\Beranda.php(57): view('backend/head', Array)
#5 D:\wamp64\www\elib\system\CodeIgniter.php(832): App\Controllers\Beranda->index()
#6 D:\wamp64\www\elib\system\CodeIgniter.php(419): CodeIgniter\CodeIgniter->runController(Object(App\Controllers\Beranda))
#7 D:\wamp64\www\elib\system\CodeIgniter.php(326): CodeIgniter\CodeIgniter->handleRequest(NULL, Object(Config\Cache), false)
#8 D:\wamp64\www\elib\public\index.php(37): CodeIgniter\CodeIgniter->run()
#9 {main}
CRITICAL - 2022-03-28 10:11:50 --> Undefined property: App\Controllers\Identitas::$load
#0 D:\wamp64\www\elib\app\Controllers\Identitas.php(169): CodeIgniter\Debug\Exceptions->errorHandler(8, 'Undefined prope...', 'D:\\wamp64\\www\\e...', 169, Array)
#1 D:\wamp64\www\elib\app\Controllers\Identitas.php(103): App\Controllers\Identitas->updatedenganfoto(Array)
#2 D:\wamp64\www\elib\system\CodeIgniter.php(832): App\Controllers\Identitas->proses()
#3 D:\wamp64\www\elib\system\CodeIgniter.php(419): CodeIgniter\CodeIgniter->runController(Object(App\Controllers\Identitas))
#4 D:\wamp64\www\elib\system\CodeIgniter.php(326): CodeIgniter\CodeIgniter->handleRequest(NULL, Object(Config\Cache), false)
#5 D:\wamp64\www\elib\public\index.php(37): CodeIgniter\CodeIgniter->run()
#6 {main}
CRITICAL - 2022-03-28 10:18:01 --> Undefined property: App\Controllers\Identitas::$load
#0 D:\wamp64\www\elib\app\Controllers\Identitas.php(169): CodeIgniter\Debug\Exceptions->errorHandler(8, 'Undefined prope...', 'D:\\wamp64\\www\\e...', 169, Array)
#1 D:\wamp64\www\elib\app\Controllers\Identitas.php(103): App\Controllers\Identitas->updatedenganfoto(Array)
#2 D:\wamp64\www\elib\system\CodeIgniter.php(832): App\Controllers\Identitas->proses()
#3 D:\wamp64\www\elib\system\CodeIgniter.php(419): CodeIgniter\CodeIgniter->runController(Object(App\Controllers\Identitas))
#4 D:\wamp64\www\elib\system\CodeIgniter.php(326): CodeIgniter\CodeIgniter->handleRequest(NULL, Object(Config\Cache), false)
#5 D:\wamp64\www\elib\public\index.php(37): CodeIgniter\CodeIgniter->run()
#6 {main}
