CRITICAL - 2022-04-03 22:17:05 --> Undefined property: CodeIgniter\View\View::$nativesession
#0 D:\wamp64\www\elib\app\Views\frontend\listpenelitian.php(36): CodeIgniter\Debug\Exceptions->errorHandler(8, 'Undefined prope...', 'D:\\wamp64\\www\\e...', 36, Array)
#1 D:\wamp64\www\elib\system\View\View.php(210): include('D:\\wamp64\\www\\e...')
#2 D:\wamp64\www\elib\system\View\View.php(213): CodeIgniter\View\View->CodeIgniter\View\{closure}()
#3 D:\wamp64\www\elib\system\Common.php(1089): CodeIgniter\View\View->render('frontend/listpe...', Array, true)
#4 D:\wamp64\www\elib\app\Controllers\Listpenelitian.php(90): view('frontend/listpe...', Array)
#5 D:\wamp64\www\elib\system\CodeIgniter.php(832): App\Controllers\Listpenelitian->index()
#6 D:\wamp64\www\elib\system\CodeIgniter.php(419): CodeIgniter\CodeIgniter->runController(Object(App\Controllers\Listpenelitian))
#7 D:\wamp64\www\elib\system\CodeIgniter.php(326): CodeIgniter\CodeIgniter->handleRequest(NULL, Object(Config\Cache), false)
#8 D:\wamp64\www\elib\public\index.php(37): CodeIgniter\CodeIgniter->run()
#9 {main}
CRITICAL - 2022-04-03 22:26:56 --> Call to undefined method CodeIgniter\Database\MySQLi\Result::result()
#0 D:\wamp64\www\elib\system\View\View.php(210): include()
#1 D:\wamp64\www\elib\system\View\View.php(213): CodeIgniter\View\View->CodeIgniter\View\{closure}()
#2 D:\wamp64\www\elib\system\Common.php(1089): CodeIgniter\View\View->render('frontend/listpe...', Array, true)
#3 D:\wamp64\www\elib\app\Controllers\Listpenelitian.php(90): view('frontend/listpe...', Array)
#4 D:\wamp64\www\elib\system\CodeIgniter.php(832): App\Controllers\Listpenelitian->index()
#5 D:\wamp64\www\elib\system\CodeIgniter.php(419): CodeIgniter\CodeIgniter->runController(Object(App\Controllers\Listpenelitian))
#6 D:\wamp64\www\elib\system\CodeIgniter.php(326): CodeIgniter\CodeIgniter->handleRequest(NULL, Object(Config\Cache), false)
#7 D:\wamp64\www\elib\public\index.php(37): CodeIgniter\CodeIgniter->run()
#8 {main}
CRITICAL - 2022-04-03 22:28:20 --> Call to undefined method CodeIgniter\Database\MySQLi\Result::result()
#0 D:\wamp64\www\elib\system\View\View.php(210): include()
#1 D:\wamp64\www\elib\system\View\View.php(213): CodeIgniter\View\View->CodeIgniter\View\{closure}()
#2 D:\wamp64\www\elib\system\Common.php(1089): CodeIgniter\View\View->render('frontend/listpe...', Array, true)
#3 D:\wamp64\www\elib\app\Controllers\Listpenelitian.php(88): view('frontend/listpe...', Array)
#4 D:\wamp64\www\elib\system\CodeIgniter.php(832): App\Controllers\Listpenelitian->index()
#5 D:\wamp64\www\elib\system\CodeIgniter.php(419): CodeIgniter\CodeIgniter->runController(Object(App\Controllers\Listpenelitian))
#6 D:\wamp64\www\elib\system\CodeIgniter.php(326): CodeIgniter\CodeIgniter->handleRequest(NULL, Object(Config\Cache), false)
#7 D:\wamp64\www\elib\public\index.php(37): CodeIgniter\CodeIgniter->run()
#8 {main}
CRITICAL - 2022-04-03 22:28:40 --> Undefined property: CodeIgniter\View\View::$modul
#0 D:\wamp64\www\elib\app\Views\frontend\listpenelitian.php(140): CodeIgniter\Debug\Exceptions->errorHandler(8, 'Undefined prope...', 'D:\\wamp64\\www\\e...', 140, Array)
#1 D:\wamp64\www\elib\system\View\View.php(210): include('D:\\wamp64\\www\\e...')
#2 D:\wamp64\www\elib\system\View\View.php(213): CodeIgniter\View\View->CodeIgniter\View\{closure}()
#3 D:\wamp64\www\elib\system\Common.php(1089): CodeIgniter\View\View->render('frontend/listpe...', Array, true)
#4 D:\wamp64\www\elib\app\Controllers\Listpenelitian.php(88): view('frontend/listpe...', Array)
#5 D:\wamp64\www\elib\system\CodeIgniter.php(832): App\Controllers\Listpenelitian->index()
#6 D:\wamp64\www\elib\system\CodeIgniter.php(419): CodeIgniter\CodeIgniter->runController(Object(App\Controllers\Listpenelitian))
#7 D:\wamp64\www\elib\system\CodeIgniter.php(326): CodeIgniter\CodeIgniter->handleRequest(NULL, Object(Config\Cache), false)
#8 D:\wamp64\www\elib\public\index.php(37): CodeIgniter\CodeIgniter->run()
#9 {main}
CRITICAL - 2022-04-03 22:40:44 --> Undefined property: App\Controllers\Singlepenelitian::$uri
#0 D:\wamp64\www\elib\app\Controllers\Singlepenelitian.php(77): CodeIgniter\Debug\Exceptions->errorHandler(8, 'Undefined prope...', 'D:\\wamp64\\www\\e...', 77, Array)
#1 D:\wamp64\www\elib\system\CodeIgniter.php(832): App\Controllers\Singlepenelitian->index('ZGNveTAvSjhpR3Z...')
#2 D:\wamp64\www\elib\system\CodeIgniter.php(419): CodeIgniter\CodeIgniter->runController(Object(App\Controllers\Singlepenelitian))
#3 D:\wamp64\www\elib\system\CodeIgniter.php(326): CodeIgniter\CodeIgniter->handleRequest(NULL, Object(Config\Cache), false)
#4 D:\wamp64\www\elib\public\index.php(37): CodeIgniter\CodeIgniter->run()
#5 {main}
CRITICAL - 2022-04-03 22:42:32 --> Undefined property: CodeIgniter\View\View::$nativesession
#0 D:\wamp64\www\elib\app\Views\frontend\singlepenelitian.php(36): CodeIgniter\Debug\Exceptions->errorHandler(8, 'Undefined prope...', 'D:\\wamp64\\www\\e...', 36, Array)
#1 D:\wamp64\www\elib\system\View\View.php(210): include('D:\\wamp64\\www\\e...')
#2 D:\wamp64\www\elib\system\View\View.php(213): CodeIgniter\View\View->CodeIgniter\View\{closure}()
#3 D:\wamp64\www\elib\system\Common.php(1089): CodeIgniter\View\View->render('frontend/single...', Array, true)
#4 D:\wamp64\www\elib\app\Controllers\Singlepenelitian.php(112): view('frontend/single...', Array)
#5 D:\wamp64\www\elib\system\CodeIgniter.php(832): App\Controllers\Singlepenelitian->index('ZGNveTAvSjhpR3Z...')
#6 D:\wamp64\www\elib\system\CodeIgniter.php(419): CodeIgniter\CodeIgniter->runController(Object(App\Controllers\Singlepenelitian))
#7 D:\wamp64\www\elib\system\CodeIgniter.php(326): CodeIgniter\CodeIgniter->handleRequest(NULL, Object(Config\Cache), false)
#8 D:\wamp64\www\elib\public\index.php(37): CodeIgniter\CodeIgniter->run()
#9 {main}
CRITICAL - 2022-04-03 22:45:42 --> Call to undefined method CodeIgniter\Database\MySQLi\Result::result()
#0 D:\wamp64\www\elib\system\View\View.php(210): include()
#1 D:\wamp64\www\elib\system\View\View.php(213): CodeIgniter\View\View->CodeIgniter\View\{closure}()
#2 D:\wamp64\www\elib\system\Common.php(1089): CodeIgniter\View\View->render('frontend/single...', Array, true)
#3 D:\wamp64\www\elib\app\Controllers\Singlepenelitian.php(112): view('frontend/single...', Array)
#4 D:\wamp64\www\elib\system\CodeIgniter.php(832): App\Controllers\Singlepenelitian->index('ZGNveTAvSjhpR3Z...')
#5 D:\wamp64\www\elib\system\CodeIgniter.php(419): CodeIgniter\CodeIgniter->runController(Object(App\Controllers\Singlepenelitian))
#6 D:\wamp64\www\elib\system\CodeIgniter.php(326): CodeIgniter\CodeIgniter->handleRequest(NULL, Object(Config\Cache), false)
#7 D:\wamp64\www\elib\public\index.php(37): CodeIgniter\CodeIgniter->run()
#8 {main}
CRITICAL - 2022-04-03 22:46:03 --> Call to undefined method CodeIgniter\Database\MySQLi\Result::result()
#0 D:\wamp64\www\elib\system\View\View.php(210): include()
#1 D:\wamp64\www\elib\system\View\View.php(213): CodeIgniter\View\View->CodeIgniter\View\{closure}()
#2 D:\wamp64\www\elib\system\Common.php(1089): CodeIgniter\View\View->render('frontend/single...', Array, true)
#3 D:\wamp64\www\elib\app\Controllers\Singlepenelitian.php(112): view('frontend/single...', Array)
#4 D:\wamp64\www\elib\system\CodeIgniter.php(832): App\Controllers\Singlepenelitian->index('ZGNveTAvSjhpR3Z...')
#5 D:\wamp64\www\elib\system\CodeIgniter.php(419): CodeIgniter\CodeIgniter->runController(Object(App\Controllers\Singlepenelitian))
#6 D:\wamp64\www\elib\system\CodeIgniter.php(326): CodeIgniter\CodeIgniter->handleRequest(NULL, Object(Config\Cache), false)
#7 D:\wamp64\www\elib\public\index.php(37): CodeIgniter\CodeIgniter->run()
#8 {main}
CRITICAL - 2022-04-03 22:53:07 --> Call to undefined method App\Models\Mcustom::autokode()
#0 D:\wamp64\www\elib\system\CodeIgniter.php(832): App\Controllers\Singlepenelitian->proseskomentar()
#1 D:\wamp64\www\elib\system\CodeIgniter.php(419): CodeIgniter\CodeIgniter->runController(Object(App\Controllers\Singlepenelitian))
#2 D:\wamp64\www\elib\system\CodeIgniter.php(326): CodeIgniter\CodeIgniter->handleRequest(NULL, Object(Config\Cache), false)
#3 D:\wamp64\www\elib\public\index.php(37): CodeIgniter\CodeIgniter->run()
#4 {main}
CRITICAL - 2022-04-03 23:00:41 --> The action you requested is not allowed.
#0 D:\wamp64\www\elib\system\Security\Security.php(289): CodeIgniter\Security\Exceptions\SecurityException::forDisallowedAction()
#1 D:\wamp64\www\elib\system\Filters\CSRF.php(53): CodeIgniter\Security\Security->verify(Object(CodeIgniter\HTTP\IncomingRequest))
#2 D:\wamp64\www\elib\system\Filters\Filters.php(173): CodeIgniter\Filters\CSRF->before(Object(CodeIgniter\HTTP\IncomingRequest), NULL)
#3 D:\wamp64\www\elib\system\CodeIgniter.php(393): CodeIgniter\Filters\Filters->run('singlepenelitia...', 'before')
#4 D:\wamp64\www\elib\system\CodeIgniter.php(326): CodeIgniter\CodeIgniter->handleRequest(NULL, Object(Config\Cache), false)
#5 D:\wamp64\www\elib\public\index.php(37): CodeIgniter\CodeIgniter->run()
#6 {main}
CRITICAL - 2022-04-03 23:01:21 --> The action you requested is not allowed.
#0 D:\wamp64\www\elib\system\Security\Security.php(289): CodeIgniter\Security\Exceptions\SecurityException::forDisallowedAction()
#1 D:\wamp64\www\elib\system\Filters\CSRF.php(53): CodeIgniter\Security\Security->verify(Object(CodeIgniter\HTTP\IncomingRequest))
#2 D:\wamp64\www\elib\system\Filters\Filters.php(173): CodeIgniter\Filters\CSRF->before(Object(CodeIgniter\HTTP\IncomingRequest), NULL)
#3 D:\wamp64\www\elib\system\CodeIgniter.php(393): CodeIgniter\Filters\Filters->run('singlepenelitia...', 'before')
#4 D:\wamp64\www\elib\system\CodeIgniter.php(326): CodeIgniter\CodeIgniter->handleRequest(NULL, Object(Config\Cache), false)
#5 D:\wamp64\www\elib\public\index.php(37): CodeIgniter\CodeIgniter->run()
#6 {main}
CRITICAL - 2022-04-03 23:01:34 --> The action you requested is not allowed.
#0 D:\wamp64\www\elib\system\Security\Security.php(289): CodeIgniter\Security\Exceptions\SecurityException::forDisallowedAction()
#1 D:\wamp64\www\elib\system\Filters\CSRF.php(53): CodeIgniter\Security\Security->verify(Object(CodeIgniter\HTTP\IncomingRequest))
#2 D:\wamp64\www\elib\system\Filters\Filters.php(173): CodeIgniter\Filters\CSRF->before(Object(CodeIgniter\HTTP\IncomingRequest), NULL)
#3 D:\wamp64\www\elib\system\CodeIgniter.php(393): CodeIgniter\Filters\Filters->run('singlepenelitia...', 'before')
#4 D:\wamp64\www\elib\system\CodeIgniter.php(326): CodeIgniter\CodeIgniter->handleRequest(NULL, Object(Config\Cache), false)
#5 D:\wamp64\www\elib\public\index.php(37): CodeIgniter\CodeIgniter->run()
#6 {main}
CRITICAL - 2022-04-03 23:02:00 --> The action you requested is not allowed.
#0 D:\wamp64\www\elib\system\Security\Security.php(289): CodeIgniter\Security\Exceptions\SecurityException::forDisallowedAction()
#1 D:\wamp64\www\elib\system\Filters\CSRF.php(53): CodeIgniter\Security\Security->verify(Object(CodeIgniter\HTTP\IncomingRequest))
#2 D:\wamp64\www\elib\system\Filters\Filters.php(173): CodeIgniter\Filters\CSRF->before(Object(CodeIgniter\HTTP\IncomingRequest), NULL)
#3 D:\wamp64\www\elib\system\CodeIgniter.php(393): CodeIgniter\Filters\Filters->run('singlepenelitia...', 'before')
#4 D:\wamp64\www\elib\system\CodeIgniter.php(326): CodeIgniter\CodeIgniter->handleRequest(NULL, Object(Config\Cache), false)
#5 D:\wamp64\www\elib\public\index.php(37): CodeIgniter\CodeIgniter->run()
#6 {main}
CRITICAL - 2022-04-03 23:03:15 --> Call to undefined method App\Models\Mcustom::autokode()
#0 D:\wamp64\www\elib\system\CodeIgniter.php(832): App\Controllers\Singlepenelitian->proseskomentar()
#1 D:\wamp64\www\elib\system\CodeIgniter.php(419): CodeIgniter\CodeIgniter->runController(Object(App\Controllers\Singlepenelitian))
#2 D:\wamp64\www\elib\system\CodeIgniter.php(326): CodeIgniter\CodeIgniter->handleRequest(NULL, Object(Config\Cache), false)
#3 D:\wamp64\www\elib\public\index.php(37): CodeIgniter\CodeIgniter->run()
#4 {main}
CRITICAL - 2022-04-03 23:23:47 --> Undefined property: CodeIgniter\View\View::$nativesession
#0 D:\wamp64\www\elib\app\Views\frontend\blogsingle.php(36): CodeIgniter\Debug\Exceptions->errorHandler(8, 'Undefined prope...', 'D:\\wamp64\\www\\e...', 36, Array)
#1 D:\wamp64\www\elib\system\View\View.php(210): include('D:\\wamp64\\www\\e...')
#2 D:\wamp64\www\elib\system\View\View.php(213): CodeIgniter\View\View->CodeIgniter\View\{closure}()
#3 D:\wamp64\www\elib\system\Common.php(1089): CodeIgniter\View\View->render('frontend/blogsi...', Array, true)
#4 D:\wamp64\www\elib\app\Controllers\Blogsingle.php(100): view('frontend/blogsi...', Array)
#5 D:\wamp64\www\elib\system\CodeIgniter.php(832): App\Controllers\Blogsingle->index('cllHNmZtTVNqWjJ...')
#6 D:\wamp64\www\elib\system\CodeIgniter.php(419): CodeIgniter\CodeIgniter->runController(Object(App\Controllers\Blogsingle))
#7 D:\wamp64\www\elib\system\CodeIgniter.php(326): CodeIgniter\CodeIgniter->handleRequest(NULL, Object(Config\Cache), false)
#8 D:\wamp64\www\elib\public\index.php(37): CodeIgniter\CodeIgniter->run()
#9 {main}
CRITICAL - 2022-04-03 23:25:36 --> Undefined property: CodeIgniter\View\View::$nativesession
#0 D:\wamp64\www\elib\app\Views\frontend\blogsingle.php(48): CodeIgniter\Debug\Exceptions->errorHandler(8, 'Undefined prope...', 'D:\\wamp64\\www\\e...', 48, Array)
#1 D:\wamp64\www\elib\system\View\View.php(210): include('D:\\wamp64\\www\\e...')
#2 D:\wamp64\www\elib\system\View\View.php(213): CodeIgniter\View\View->CodeIgniter\View\{closure}()
#3 D:\wamp64\www\elib\system\Common.php(1089): CodeIgniter\View\View->render('frontend/blogsi...', Array, true)
#4 D:\wamp64\www\elib\app\Controllers\Blogsingle.php(100): view('frontend/blogsi...', Array)
#5 D:\wamp64\www\elib\system\CodeIgniter.php(832): App\Controllers\Blogsingle->index('cllHNmZtTVNqWjJ...')
#6 D:\wamp64\www\elib\system\CodeIgniter.php(419): CodeIgniter\CodeIgniter->runController(Object(App\Controllers\Blogsingle))
#7 D:\wamp64\www\elib\system\CodeIgniter.php(326): CodeIgniter\CodeIgniter->handleRequest(NULL, Object(Config\Cache), false)
#8 D:\wamp64\www\elib\public\index.php(37): CodeIgniter\CodeIgniter->run()
#9 {main}
CRITICAL - 2022-04-03 23:25:38 --> Undefined property: CodeIgniter\View\View::$nativesession
#0 D:\wamp64\www\elib\app\Views\frontend\blogsingle.php(48): CodeIgniter\Debug\Exceptions->errorHandler(8, 'Undefined prope...', 'D:\\wamp64\\www\\e...', 48, Array)
#1 D:\wamp64\www\elib\system\View\View.php(210): include('D:\\wamp64\\www\\e...')
#2 D:\wamp64\www\elib\system\View\View.php(213): CodeIgniter\View\View->CodeIgniter\View\{closure}()
#3 D:\wamp64\www\elib\system\Common.php(1089): CodeIgniter\View\View->render('frontend/blogsi...', Array, true)
#4 D:\wamp64\www\elib\app\Controllers\Blogsingle.php(100): view('frontend/blogsi...', Array)
#5 D:\wamp64\www\elib\system\CodeIgniter.php(832): App\Controllers\Blogsingle->index('cllHNmZtTVNqWjJ...')
#6 D:\wamp64\www\elib\system\CodeIgniter.php(419): CodeIgniter\CodeIgniter->runController(Object(App\Controllers\Blogsingle))
#7 D:\wamp64\www\elib\system\CodeIgniter.php(326): CodeIgniter\CodeIgniter->handleRequest(NULL, Object(Config\Cache), false)
#8 D:\wamp64\www\elib\public\index.php(37): CodeIgniter\CodeIgniter->run()
#9 {main}
CRITICAL - 2022-04-03 23:26:07 --> Call to undefined method CodeIgniter\Database\MySQLi\Result::result()
#0 D:\wamp64\www\elib\system\View\View.php(210): include()
#1 D:\wamp64\www\elib\system\View\View.php(213): CodeIgniter\View\View->CodeIgniter\View\{closure}()
#2 D:\wamp64\www\elib\system\Common.php(1089): CodeIgniter\View\View->render('frontend/blogsi...', Array, true)
#3 D:\wamp64\www\elib\app\Controllers\Blogsingle.php(100): view('frontend/blogsi...', Array)
#4 D:\wamp64\www\elib\system\CodeIgniter.php(832): App\Controllers\Blogsingle->index('cllHNmZtTVNqWjJ...')
#5 D:\wamp64\www\elib\system\CodeIgniter.php(419): CodeIgniter\CodeIgniter->runController(Object(App\Controllers\Blogsingle))
#6 D:\wamp64\www\elib\system\CodeIgniter.php(326): CodeIgniter\CodeIgniter->handleRequest(NULL, Object(Config\Cache), false)
#7 D:\wamp64\www\elib\public\index.php(37): CodeIgniter\CodeIgniter->run()
#8 {main}
CRITICAL - 2022-04-03 23:27:16 --> Undefined property: CodeIgniter\View\View::$modul
#0 D:\wamp64\www\elib\app\Views\frontend\blogsingle.php(147): CodeIgniter\Debug\Exceptions->errorHandler(8, 'Undefined prope...', 'D:\\wamp64\\www\\e...', 147, Array)
#1 D:\wamp64\www\elib\system\View\View.php(210): include('D:\\wamp64\\www\\e...')
#2 D:\wamp64\www\elib\system\View\View.php(213): CodeIgniter\View\View->CodeIgniter\View\{closure}()
#3 D:\wamp64\www\elib\system\Common.php(1089): CodeIgniter\View\View->render('frontend/blogsi...', Array, true)
#4 D:\wamp64\www\elib\app\Controllers\Blogsingle.php(100): view('frontend/blogsi...', Array)
#5 D:\wamp64\www\elib\system\CodeIgniter.php(832): App\Controllers\Blogsingle->index('cllHNmZtTVNqWjJ...')
#6 D:\wamp64\www\elib\system\CodeIgniter.php(419): CodeIgniter\CodeIgniter->runController(Object(App\Controllers\Blogsingle))
#7 D:\wamp64\www\elib\system\CodeIgniter.php(326): CodeIgniter\CodeIgniter->handleRequest(NULL, Object(Config\Cache), false)
#8 D:\wamp64\www\elib\public\index.php(37): CodeIgniter\CodeIgniter->run()
#9 {main}
CRITICAL - 2022-04-03 23:32:09 --> Undefined property: App\Controllers\Listpenelitian::$Mglobals
#0 D:\wamp64\www\elib\app\Controllers\Listpenelitian.php(94): CodeIgniter\Debug\Exceptions->errorHandler(8, 'Undefined prope...', 'D:\\wamp64\\www\\e...', 94, Array)
#1 D:\wamp64\www\elib\system\CodeIgniter.php(832): App\Controllers\Listpenelitian->cari()
#2 D:\wamp64\www\elib\system\CodeIgniter.php(419): CodeIgniter\CodeIgniter->runController(Object(App\Controllers\Listpenelitian))
#3 D:\wamp64\www\elib\system\CodeIgniter.php(326): CodeIgniter\CodeIgniter->handleRequest(NULL, Object(Config\Cache), false)
#4 D:\wamp64\www\elib\public\index.php(37): CodeIgniter\CodeIgniter->run()
#5 {main}
CRITICAL - 2022-04-03 23:34:12 --> Undefined property: App\Controllers\Listpenelitian::$input
#0 D:\wamp64\www\elib\app\Controllers\Listpenelitian.php(144): CodeIgniter\Debug\Exceptions->errorHandler(8, 'Undefined prope...', 'D:\\wamp64\\www\\e...', 144, Array)
#1 D:\wamp64\www\elib\system\CodeIgniter.php(832): App\Controllers\Listpenelitian->cari()
#2 D:\wamp64\www\elib\system\CodeIgniter.php(419): CodeIgniter\CodeIgniter->runController(Object(App\Controllers\Listpenelitian))
#3 D:\wamp64\www\elib\system\CodeIgniter.php(326): CodeIgniter\CodeIgniter->handleRequest(NULL, Object(Config\Cache), false)
#4 D:\wamp64\www\elib\public\index.php(37): CodeIgniter\CodeIgniter->run()
#5 {main}
