CRITICAL - 2022-03-26 09:25:28 --> Call to a member function getAllQR() on null
#0 D:\wamp64\www\elib\system\CodeIgniter.php(832): App\Controllers\Welcome->index()
#1 D:\wamp64\www\elib\system\CodeIgniter.php(419): CodeIgniter\CodeIgniter->runController(Object(App\Controllers\Welcome))
#2 D:\wamp64\www\elib\system\CodeIgniter.php(326): CodeIgniter\CodeIgniter->handleRequest(NULL, Object(Config\Cache), false)
#3 D:\wamp64\www\elib\public\index.php(37): CodeIgniter\CodeIgniter->run()
#4 {main}
CRITICAL - 2022-03-26 09:25:53 --> Call to a member function getAllQR() on null
#0 D:\wamp64\www\elib\system\CodeIgniter.php(832): App\Controllers\Home->index()
#1 D:\wamp64\www\elib\system\CodeIgniter.php(419): CodeIgniter\CodeIgniter->runController(Object(App\Controllers\Home))
#2 D:\wamp64\www\elib\system\CodeIgniter.php(326): CodeIgniter\CodeIgniter->handleRequest(NULL, Object(Config\Cache), false)
#3 D:\wamp64\www\elib\public\index.php(37): CodeIgniter\CodeIgniter->run()
#4 {main}
CRITICAL - 2022-03-26 09:25:57 --> Call to a member function getAllQR() on null
#0 D:\wamp64\www\elib\system\CodeIgniter.php(832): App\Controllers\Home->index()
#1 D:\wamp64\www\elib\system\CodeIgniter.php(419): CodeIgniter\CodeIgniter->runController(Object(App\Controllers\Home))
#2 D:\wamp64\www\elib\system\CodeIgniter.php(326): CodeIgniter\CodeIgniter->handleRequest(NULL, Object(Config\Cache), false)
#3 D:\wamp64\www\elib\public\index.php(37): CodeIgniter\CodeIgniter->run()
#4 {main}
CRITICAL - 2022-03-26 09:27:49 --> Call to a member function getAllQR() on null
#0 D:\wamp64\www\elib\system\CodeIgniter.php(832): App\Controllers\Home->index()
#1 D:\wamp64\www\elib\system\CodeIgniter.php(419): CodeIgniter\CodeIgniter->runController(Object(App\Controllers\Home))
#2 D:\wamp64\www\elib\system\CodeIgniter.php(326): CodeIgniter\CodeIgniter->handleRequest(NULL, Object(Config\Cache), false)
#3 D:\wamp64\www\elib\public\index.php(37): CodeIgniter\CodeIgniter->run()
#4 {main}
CRITICAL - 2022-03-26 09:27:51 --> Call to a member function getAllQR() on null
#0 D:\wamp64\www\elib\system\CodeIgniter.php(832): App\Controllers\Home->index()
#1 D:\wamp64\www\elib\system\CodeIgniter.php(419): CodeIgniter\CodeIgniter->runController(Object(App\Controllers\Home))
#2 D:\wamp64\www\elib\system\CodeIgniter.php(326): CodeIgniter\CodeIgniter->handleRequest(NULL, Object(Config\Cache), false)
#3 D:\wamp64\www\elib\public\index.php(37): CodeIgniter\CodeIgniter->run()
#4 {main}
CRITICAL - 2022-03-26 09:28:34 --> Undefined property: App\Controllers\Home::$Mglobals
#0 D:\wamp64\www\elib\app\Controllers\Home.php(10): CodeIgniter\Debug\Exceptions->errorHandler(8, 'Undefined prope...', 'D:\\wamp64\\www\\e...', 10, Array)
#1 D:\wamp64\www\elib\system\CodeIgniter.php(832): App\Controllers\Home->index()
#2 D:\wamp64\www\elib\system\CodeIgniter.php(419): CodeIgniter\CodeIgniter->runController(Object(App\Controllers\Home))
#3 D:\wamp64\www\elib\system\CodeIgniter.php(326): CodeIgniter\CodeIgniter->handleRequest(NULL, Object(Config\Cache), false)
#4 D:\wamp64\www\elib\public\index.php(37): CodeIgniter\CodeIgniter->run()
#5 {main}
CRITICAL - 2022-03-26 09:33:18 --> Undefined property: App\Controllers\Home::$Mglobals
#0 D:\wamp64\www\elib\app\Controllers\Home.php(10): CodeIgniter\Debug\Exceptions->errorHandler(8, 'Undefined prope...', 'D:\\wamp64\\www\\e...', 10, Array)
#1 D:\wamp64\www\elib\system\CodeIgniter.php(832): App\Controllers\Home->index()
#2 D:\wamp64\www\elib\system\CodeIgniter.php(419): CodeIgniter\CodeIgniter->runController(Object(App\Controllers\Home))
#3 D:\wamp64\www\elib\system\CodeIgniter.php(326): CodeIgniter\CodeIgniter->handleRequest(NULL, Object(Config\Cache), false)
#4 D:\wamp64\www\elib\public\index.php(37): CodeIgniter\CodeIgniter->run()
#5 {main}
CRITICAL - 2022-03-26 09:36:40 --> Declaration of App\Models\Mglobals::update($table, $data, $condition) must be compatible with CodeIgniter\Model::update($id = NULL, $data = NULL): bool
#0 [internal function]: CodeIgniter\Debug\Exceptions->shutdownHandler()
#1 {main}
CRITICAL - 2022-03-26 10:00:58 --> Declaration of App\Models\Mglobals::update($table, $data, $condition) must be compatible with CodeIgniter\Model::update($id = NULL, $data = NULL): bool
#0 [internal function]: CodeIgniter\Debug\Exceptions->shutdownHandler()
#1 {main}
CRITICAL - 2022-03-26 10:03:24 --> You must set the database table to be used with your query.
#0 D:\wamp64\www\elib\system\Model.php(545): CodeIgniter\Database\BaseConnection->table(NULL)
#1 D:\wamp64\www\elib\system\Model.php(722): CodeIgniter\Model->builder()
#2 D:\wamp64\www\elib\app\Controllers\Home.php(45): CodeIgniter\Model->__call('getAll', Array)
#3 D:\wamp64\www\elib\system\CodeIgniter.php(832): App\Controllers\Home->index()
#4 D:\wamp64\www\elib\system\CodeIgniter.php(419): CodeIgniter\CodeIgniter->runController(Object(App\Controllers\Home))
#5 D:\wamp64\www\elib\system\CodeIgniter.php(326): CodeIgniter\CodeIgniter->handleRequest(NULL, Object(Config\Cache), false)
#6 D:\wamp64\www\elib\public\index.php(37): CodeIgniter\CodeIgniter->run()
#7 {main}
CRITICAL - 2022-03-26 10:08:12 --> syntax error, unexpected '}', expecting ';'
#0 D:\wamp64\www\elib\system\Autoloader\Autoloader.php(241): CodeIgniter\Autoloader\Autoloader->includeFile('D:\\wamp64\\www\\e...')
#1 D:\wamp64\www\elib\system\Autoloader\Autoloader.php(219): CodeIgniter\Autoloader\Autoloader->loadInNamespace('App\\Models\\Mglo...')
#2 [internal function]: CodeIgniter\Autoloader\Autoloader->loadClass('App\\Models\\Mglo...')
#3 D:\wamp64\www\elib\app\Controllers\Home.php(12): spl_autoload_call('App\\Models\\Mglo...')
#4 D:\wamp64\www\elib\system\CodeIgniter.php(832): App\Controllers\Home->index()
#5 D:\wamp64\www\elib\system\CodeIgniter.php(419): CodeIgniter\CodeIgniter->runController(Object(App\Controllers\Home))
#6 D:\wamp64\www\elib\system\CodeIgniter.php(326): CodeIgniter\CodeIgniter->handleRequest(NULL, Object(Config\Cache), false)
#7 D:\wamp64\www\elib\public\index.php(37): CodeIgniter\CodeIgniter->run()
#8 {main}
CRITICAL - 2022-03-26 10:08:31 --> syntax error, unexpected '}', expecting ';'
#0 D:\wamp64\www\elib\system\Autoloader\Autoloader.php(241): CodeIgniter\Autoloader\Autoloader->includeFile('D:\\wamp64\\www\\e...')
#1 D:\wamp64\www\elib\system\Autoloader\Autoloader.php(219): CodeIgniter\Autoloader\Autoloader->loadInNamespace('App\\Models\\Mglo...')
#2 [internal function]: CodeIgniter\Autoloader\Autoloader->loadClass('App\\Models\\Mglo...')
#3 D:\wamp64\www\elib\app\Controllers\Home.php(12): spl_autoload_call('App\\Models\\Mglo...')
#4 D:\wamp64\www\elib\system\CodeIgniter.php(832): App\Controllers\Home->index()
#5 D:\wamp64\www\elib\system\CodeIgniter.php(419): CodeIgniter\CodeIgniter->runController(Object(App\Controllers\Home))
#6 D:\wamp64\www\elib\system\CodeIgniter.php(326): CodeIgniter\CodeIgniter->handleRequest(NULL, Object(Config\Cache), false)
#7 D:\wamp64\www\elib\public\index.php(37): CodeIgniter\CodeIgniter->run()
#8 {main}
CRITICAL - 2022-03-26 10:08:40 --> You must set the database table to be used with your query.
#0 D:\wamp64\www\elib\system\Model.php(545): CodeIgniter\Database\BaseConnection->table(NULL)
#1 D:\wamp64\www\elib\system\Model.php(722): CodeIgniter\Model->builder()
#2 D:\wamp64\www\elib\app\Controllers\Home.php(45): CodeIgniter\Model->__call('getAll', Array)
#3 D:\wamp64\www\elib\system\CodeIgniter.php(832): App\Controllers\Home->index()
#4 D:\wamp64\www\elib\system\CodeIgniter.php(419): CodeIgniter\CodeIgniter->runController(Object(App\Controllers\Home))
#5 D:\wamp64\www\elib\system\CodeIgniter.php(326): CodeIgniter\CodeIgniter->handleRequest(NULL, Object(Config\Cache), false)
#6 D:\wamp64\www\elib\public\index.php(37): CodeIgniter\CodeIgniter->run()
#7 {main}
CRITICAL - 2022-03-26 19:11:02 --> You must set the database table to be used with your query.
#0 D:\wamp64\www\elib\system\Model.php(545): CodeIgniter\Database\BaseConnection->table(NULL)
#1 D:\wamp64\www\elib\system\Model.php(722): CodeIgniter\Model->builder()
#2 D:\wamp64\www\elib\app\Controllers\Home.php(45): CodeIgniter\Model->__call('getAll', Array)
#3 D:\wamp64\www\elib\system\CodeIgniter.php(832): App\Controllers\Home->index()
#4 D:\wamp64\www\elib\system\CodeIgniter.php(419): CodeIgniter\CodeIgniter->runController(Object(App\Controllers\Home))
#5 D:\wamp64\www\elib\system\CodeIgniter.php(326): CodeIgniter\CodeIgniter->handleRequest(NULL, Object(Config\Cache), false)
#6 D:\wamp64\www\elib\public\index.php(37): CodeIgniter\CodeIgniter->run()
#7 {main}
CRITICAL - 2022-03-26 19:15:31 --> Trying to get property 'jml' of non-object
#0 D:\wamp64\www\elib\app\Controllers\Home.php(15): CodeIgniter\Debug\Exceptions->errorHandler(8, 'Trying to get p...', 'D:\\wamp64\\www\\e...', 15, Array)
#1 D:\wamp64\www\elib\system\CodeIgniter.php(832): App\Controllers\Home->index()
#2 D:\wamp64\www\elib\system\CodeIgniter.php(419): CodeIgniter\CodeIgniter->runController(Object(App\Controllers\Home))
#3 D:\wamp64\www\elib\system\CodeIgniter.php(326): CodeIgniter\CodeIgniter->handleRequest(NULL, Object(Config\Cache), false)
#4 D:\wamp64\www\elib\public\index.php(37): CodeIgniter\CodeIgniter->run()
#5 {main}
CRITICAL - 2022-03-26 19:34:04 --> Call to undefined method CodeIgniter\Database\MySQLi\Connection::get()
#0 D:\wamp64\www\elib\app\Controllers\Home.php(14): App\Models\Midentitas->count_non()
#1 D:\wamp64\www\elib\system\CodeIgniter.php(832): App\Controllers\Home->index()
#2 D:\wamp64\www\elib\system\CodeIgniter.php(419): CodeIgniter\CodeIgniter->runController(Object(App\Controllers\Home))
#3 D:\wamp64\www\elib\system\CodeIgniter.php(326): CodeIgniter\CodeIgniter->handleRequest(NULL, Object(Config\Cache), false)
#4 D:\wamp64\www\elib\public\index.php(37): CodeIgniter\CodeIgniter->run()
#5 {main}
CRITICAL - 2022-03-26 19:34:22 --> Call to undefined method CodeIgniter\Database\MySQLi\Connection::get()
#0 D:\wamp64\www\elib\app\Controllers\Home.php(14): App\Models\Midentitas->count_non()
#1 D:\wamp64\www\elib\system\CodeIgniter.php(832): App\Controllers\Home->index()
#2 D:\wamp64\www\elib\system\CodeIgniter.php(419): CodeIgniter\CodeIgniter->runController(Object(App\Controllers\Home))
#3 D:\wamp64\www\elib\system\CodeIgniter.php(326): CodeIgniter\CodeIgniter->handleRequest(NULL, Object(Config\Cache), false)
#4 D:\wamp64\www\elib\public\index.php(37): CodeIgniter\CodeIgniter->run()
#5 {main}
CRITICAL - 2022-03-26 19:35:13 --> Undefined variable: builder
#0 D:\wamp64\www\elib\app\Models\Midentitas.php(35): CodeIgniter\Debug\Exceptions->errorHandler(8, 'Undefined varia...', 'D:\\wamp64\\www\\e...', 35, Array)
#1 D:\wamp64\www\elib\app\Controllers\Home.php(14): App\Models\Midentitas->count_non()
#2 D:\wamp64\www\elib\system\CodeIgniter.php(832): App\Controllers\Home->index()
#3 D:\wamp64\www\elib\system\CodeIgniter.php(419): CodeIgniter\CodeIgniter->runController(Object(App\Controllers\Home))
#4 D:\wamp64\www\elib\system\CodeIgniter.php(326): CodeIgniter\CodeIgniter->handleRequest(NULL, Object(Config\Cache), false)
#5 D:\wamp64\www\elib\public\index.php(37): CodeIgniter\CodeIgniter->run()
#6 {main}
CRITICAL - 2022-03-26 19:59:53 --> Call to undefined method CodeIgniter\Database\MySQLi\Result::result_array()
#0 D:\wamp64\www\elib\app\Controllers\Home.php(14): App\Models\Midentitas->custom('SELECT count(*)...')
#1 D:\wamp64\www\elib\system\CodeIgniter.php(832): App\Controllers\Home->index()
#2 D:\wamp64\www\elib\system\CodeIgniter.php(419): CodeIgniter\CodeIgniter->runController(Object(App\Controllers\Home))
#3 D:\wamp64\www\elib\system\CodeIgniter.php(326): CodeIgniter\CodeIgniter->handleRequest(NULL, Object(Config\Cache), false)
#4 D:\wamp64\www\elib\public\index.php(37): CodeIgniter\CodeIgniter->run()
#5 {main}
ERROR - 2022-03-26 21:09:22 --> You have an error in your SQL syntax; check the manual that corresponds to your MySQL server version for the right syntax to use near '*
FROM `identitas`' at line 1
CRITICAL - 2022-03-26 21:09:22 --> You have an error in your SQL syntax; check the manual that corresponds to your MySQL server version for the right syntax to use near '*
FROM `identitas`' at line 1
#0 D:\wamp64\www\elib\system\Database\MySQLi\Connection.php(292): mysqli->query('SELECT COUNT(*)...', 0)
#1 D:\wamp64\www\elib\system\Database\BaseConnection.php(670): CodeIgniter\Database\MySQLi\Connection->execute('SELECT COUNT(*)...')
#2 D:\wamp64\www\elib\system\Database\BaseConnection.php(598): CodeIgniter\Database\BaseConnection->simpleQuery('SELECT COUNT(*)...')
#3 D:\wamp64\www\elib\system\Database\BaseBuilder.php(1455): CodeIgniter\Database\BaseConnection->query('SELECT COUNT(*)...', Array, false)
#4 D:\wamp64\www\elib\app\Models\Mcustom.php(77): CodeIgniter\Database\BaseBuilder->get()
#5 D:\wamp64\www\elib\app\Controllers\Home.php(19): App\Models\Mcustom->select_count('identitas', '*')
#6 D:\wamp64\www\elib\system\CodeIgniter.php(832): App\Controllers\Home->index()
#7 D:\wamp64\www\elib\system\CodeIgniter.php(419): CodeIgniter\CodeIgniter->runController(Object(App\Controllers\Home))
#8 D:\wamp64\www\elib\system\CodeIgniter.php(326): CodeIgniter\CodeIgniter->handleRequest(NULL, Object(Config\Cache), false)
#9 D:\wamp64\www\elib\public\index.php(37): CodeIgniter\CodeIgniter->run()
#10 {main}
CRITICAL - 2022-03-26 21:09:51 --> Object of class CodeIgniter\Database\MySQLi\Result could not be converted to string
#0 D:\wamp64\www\elib\app\Controllers\Home.php(20): CodeIgniter\Debug\Exceptions->errorHandler(4096, 'Object of class...', 'D:\\wamp64\\www\\e...', 20, Array)
#1 D:\wamp64\www\elib\system\CodeIgniter.php(832): App\Controllers\Home->index()
#2 D:\wamp64\www\elib\system\CodeIgniter.php(419): CodeIgniter\CodeIgniter->runController(Object(App\Controllers\Home))
#3 D:\wamp64\www\elib\system\CodeIgniter.php(326): CodeIgniter\CodeIgniter->handleRequest(NULL, Object(Config\Cache), false)
#4 D:\wamp64\www\elib\public\index.php(37): CodeIgniter\CodeIgniter->run()
#5 {main}
CRITICAL - 2022-03-26 21:10:01 --> Undefined property: CodeIgniter\Database\MySQLi\Result::$kode
#0 D:\wamp64\www\elib\app\Controllers\Home.php(20): CodeIgniter\Debug\Exceptions->errorHandler(8, 'Undefined prope...', 'D:\\wamp64\\www\\e...', 20, Array)
#1 D:\wamp64\www\elib\system\CodeIgniter.php(832): App\Controllers\Home->index()
#2 D:\wamp64\www\elib\system\CodeIgniter.php(419): CodeIgniter\CodeIgniter->runController(Object(App\Controllers\Home))
#3 D:\wamp64\www\elib\system\CodeIgniter.php(326): CodeIgniter\CodeIgniter->handleRequest(NULL, Object(Config\Cache), false)
#4 D:\wamp64\www\elib\public\index.php(37): CodeIgniter\CodeIgniter->run()
#5 {main}
CRITICAL - 2022-03-26 21:27:19 --> Undefined property: CodeIgniter\Database\MySQLi\Result::$kode
#0 D:\wamp64\www\elib\app\Controllers\Home.php(20): CodeIgniter\Debug\Exceptions->errorHandler(8, 'Undefined prope...', 'D:\\wamp64\\www\\e...', 20, Array)
#1 D:\wamp64\www\elib\system\CodeIgniter.php(832): App\Controllers\Home->index()
#2 D:\wamp64\www\elib\system\CodeIgniter.php(419): CodeIgniter\CodeIgniter->runController(Object(App\Controllers\Home))
#3 D:\wamp64\www\elib\system\CodeIgniter.php(326): CodeIgniter\CodeIgniter->handleRequest(NULL, Object(Config\Cache), false)
#4 D:\wamp64\www\elib\public\index.php(37): CodeIgniter\CodeIgniter->run()
#5 {main}
CRITICAL - 2022-03-26 21:38:31 --> Undefined property: CodeIgniter\Database\MySQLi\Result::$kode
#0 D:\wamp64\www\elib\app\Controllers\Home.php(20): CodeIgniter\Debug\Exceptions->errorHandler(8, 'Undefined prope...', 'D:\\wamp64\\www\\e...', 20, Array)
#1 D:\wamp64\www\elib\system\CodeIgniter.php(832): App\Controllers\Home->index()
#2 D:\wamp64\www\elib\system\CodeIgniter.php(419): CodeIgniter\CodeIgniter->runController(Object(App\Controllers\Home))
#3 D:\wamp64\www\elib\system\CodeIgniter.php(326): CodeIgniter\CodeIgniter->handleRequest(NULL, Object(Config\Cache), false)
#4 D:\wamp64\www\elib\public\index.php(37): CodeIgniter\CodeIgniter->run()
#5 {main}
CRITICAL - 2022-03-26 21:39:17 --> Trying to get property 'idpangkat' of non-object
#0 D:\wamp64\www\elib\app\Controllers\Home.php(99): CodeIgniter\Debug\Exceptions->errorHandler(8, 'Trying to get p...', 'D:\\wamp64\\www\\e...', 99, Array)
#1 D:\wamp64\www\elib\system\CodeIgniter.php(832): App\Controllers\Home->test_count()
#2 D:\wamp64\www\elib\system\CodeIgniter.php(419): CodeIgniter\CodeIgniter->runController(Object(App\Controllers\Home))
#3 D:\wamp64\www\elib\system\CodeIgniter.php(326): CodeIgniter\CodeIgniter->handleRequest(NULL, Object(Config\Cache), false)
#4 D:\wamp64\www\elib\public\index.php(37): CodeIgniter\CodeIgniter->run()
#5 {main}
CRITICAL - 2022-03-26 21:39:31 --> Object of class stdClass could not be converted to string
#0 D:\wamp64\www\elib\app\Controllers\Home.php(99): CodeIgniter\Debug\Exceptions->errorHandler(4096, 'Object of class...', 'D:\\wamp64\\www\\e...', 99, Array)
#1 D:\wamp64\www\elib\system\CodeIgniter.php(832): App\Controllers\Home->test_count()
#2 D:\wamp64\www\elib\system\CodeIgniter.php(419): CodeIgniter\CodeIgniter->runController(Object(App\Controllers\Home))
#3 D:\wamp64\www\elib\system\CodeIgniter.php(326): CodeIgniter\CodeIgniter->handleRequest(NULL, Object(Config\Cache), false)
#4 D:\wamp64\www\elib\public\index.php(37): CodeIgniter\CodeIgniter->run()
#5 {main}
CRITICAL - 2022-03-26 21:39:40 --> Array to string conversion
#0 D:\wamp64\www\elib\app\Controllers\Home.php(99): CodeIgniter\Debug\Exceptions->errorHandler(8, 'Array to string...', 'D:\\wamp64\\www\\e...', 99, Array)
#1 D:\wamp64\www\elib\system\CodeIgniter.php(832): App\Controllers\Home->test_count()
#2 D:\wamp64\www\elib\system\CodeIgniter.php(419): CodeIgniter\CodeIgniter->runController(Object(App\Controllers\Home))
#3 D:\wamp64\www\elib\system\CodeIgniter.php(326): CodeIgniter\CodeIgniter->handleRequest(NULL, Object(Config\Cache), false)
#4 D:\wamp64\www\elib\public\index.php(37): CodeIgniter\CodeIgniter->run()
#5 {main}
CRITICAL - 2022-03-26 21:56:03 --> Call to a member function getResult() on int
#0 D:\wamp64\www\elib\system\CodeIgniter.php(832): App\Controllers\Home->test_count()
#1 D:\wamp64\www\elib\system\CodeIgniter.php(419): CodeIgniter\CodeIgniter->runController(Object(App\Controllers\Home))
#2 D:\wamp64\www\elib\system\CodeIgniter.php(326): CodeIgniter\CodeIgniter->handleRequest(NULL, Object(Config\Cache), false)
#3 D:\wamp64\www\elib\public\index.php(37): CodeIgniter\CodeIgniter->run()
#4 {main}
CRITICAL - 2022-03-26 22:17:49 --> Call to undefined method CodeIgniter\Database\MySQLi\Builder::getRow()
#0 D:\wamp64\www\elib\app\Controllers\Home.php(105): App\Models\Mcustom->get_as_row_where('pangkat', Array)
#1 D:\wamp64\www\elib\system\CodeIgniter.php(832): App\Controllers\Home->test_single_row()
#2 D:\wamp64\www\elib\system\CodeIgniter.php(419): CodeIgniter\CodeIgniter->runController(Object(App\Controllers\Home))
#3 D:\wamp64\www\elib\system\CodeIgniter.php(326): CodeIgniter\CodeIgniter->handleRequest(NULL, Object(Config\Cache), false)
#4 D:\wamp64\www\elib\public\index.php(37): CodeIgniter\CodeIgniter->run()
#5 {main}
CRITICAL - 2022-03-26 22:20:57 --> Call to undefined method CodeIgniter\Database\MySQLi\Builder::getRowArray()
#0 D:\wamp64\www\elib\app\Controllers\Home.php(105): App\Models\Mcustom->get_as_row_where('pangkat', Array)
#1 D:\wamp64\www\elib\system\CodeIgniter.php(832): App\Controllers\Home->test_single_row()
#2 D:\wamp64\www\elib\system\CodeIgniter.php(419): CodeIgniter\CodeIgniter->runController(Object(App\Controllers\Home))
#3 D:\wamp64\www\elib\system\CodeIgniter.php(326): CodeIgniter\CodeIgniter->handleRequest(NULL, Object(Config\Cache), false)
#4 D:\wamp64\www\elib\public\index.php(37): CodeIgniter\CodeIgniter->run()
#5 {main}
CRITICAL - 2022-03-26 22:21:15 --> Trying to get property 'nama_pangkat' of non-object
#0 D:\wamp64\www\elib\app\Controllers\Home.php(106): CodeIgniter\Debug\Exceptions->errorHandler(8, 'Trying to get p...', 'D:\\wamp64\\www\\e...', 106, Array)
#1 D:\wamp64\www\elib\system\CodeIgniter.php(832): App\Controllers\Home->test_single_row()
#2 D:\wamp64\www\elib\system\CodeIgniter.php(419): CodeIgniter\CodeIgniter->runController(Object(App\Controllers\Home))
#3 D:\wamp64\www\elib\system\CodeIgniter.php(326): CodeIgniter\CodeIgniter->handleRequest(NULL, Object(Config\Cache), false)
#4 D:\wamp64\www\elib\public\index.php(37): CodeIgniter\CodeIgniter->run()
#5 {main}
CRITICAL - 2022-03-26 22:25:07 --> Trying to get property 'kode' of non-object
#0 D:\wamp64\www\elib\app\Controllers\Home.php(20): CodeIgniter\Debug\Exceptions->errorHandler(8, 'Trying to get p...', 'D:\\wamp64\\www\\e...', 20, Array)
#1 D:\wamp64\www\elib\system\CodeIgniter.php(832): App\Controllers\Home->index()
#2 D:\wamp64\www\elib\system\CodeIgniter.php(419): CodeIgniter\CodeIgniter->runController(Object(App\Controllers\Home))
#3 D:\wamp64\www\elib\system\CodeIgniter.php(326): CodeIgniter\CodeIgniter->handleRequest(NULL, Object(Config\Cache), false)
#4 D:\wamp64\www\elib\public\index.php(37): CodeIgniter\CodeIgniter->run()
#5 {main}
CRITICAL - 2022-03-26 22:27:46 --> Call to undefined method CodeIgniter\Database\MySQLi\Result::get()
#0 D:\wamp64\www\elib\app\Controllers\Home.php(111): App\Models\Mcustom->get_query('select * from p...')
#1 D:\wamp64\www\elib\system\CodeIgniter.php(832): App\Controllers\Home->coba_query()
#2 D:\wamp64\www\elib\system\CodeIgniter.php(419): CodeIgniter\CodeIgniter->runController(Object(App\Controllers\Home))
#3 D:\wamp64\www\elib\system\CodeIgniter.php(326): CodeIgniter\CodeIgniter->handleRequest(NULL, Object(Config\Cache), false)
#4 D:\wamp64\www\elib\public\index.php(37): CodeIgniter\CodeIgniter->run()
#5 {main}
CRITICAL - 2022-03-26 22:28:06 --> Call to undefined method stdClass::getResult()
#0 D:\wamp64\www\elib\system\CodeIgniter.php(832): App\Controllers\Home->coba_query()
#1 D:\wamp64\www\elib\system\CodeIgniter.php(419): CodeIgniter\CodeIgniter->runController(Object(App\Controllers\Home))
#2 D:\wamp64\www\elib\system\CodeIgniter.php(326): CodeIgniter\CodeIgniter->handleRequest(NULL, Object(Config\Cache), false)
#3 D:\wamp64\www\elib\public\index.php(37): CodeIgniter\CodeIgniter->run()
#4 {main}
CRITICAL - 2022-03-26 22:28:31 --> Trying to get property 'idpangkat' of non-object
#0 D:\wamp64\www\elib\app\Controllers\Home.php(113): CodeIgniter\Debug\Exceptions->errorHandler(8, 'Trying to get p...', 'D:\\wamp64\\www\\e...', 113, Array)
#1 D:\wamp64\www\elib\system\CodeIgniter.php(832): App\Controllers\Home->coba_query()
#2 D:\wamp64\www\elib\system\CodeIgniter.php(419): CodeIgniter\CodeIgniter->runController(Object(App\Controllers\Home))
#3 D:\wamp64\www\elib\system\CodeIgniter.php(326): CodeIgniter\CodeIgniter->handleRequest(NULL, Object(Config\Cache), false)
#4 D:\wamp64\www\elib\public\index.php(37): CodeIgniter\CodeIgniter->run()
#5 {main}
CRITICAL - 2022-03-26 22:28:58 --> Call to undefined method stdClass::getRow()
#0 D:\wamp64\www\elib\system\CodeIgniter.php(832): App\Controllers\Home->coba_query()
#1 D:\wamp64\www\elib\system\CodeIgniter.php(419): CodeIgniter\CodeIgniter->runController(Object(App\Controllers\Home))
#2 D:\wamp64\www\elib\system\CodeIgniter.php(326): CodeIgniter\CodeIgniter->handleRequest(NULL, Object(Config\Cache), false)
#3 D:\wamp64\www\elib\public\index.php(37): CodeIgniter\CodeIgniter->run()
#4 {main}
