CRITICAL - 2022-04-05 00:01:51 --> Call to undefined method CodeIgniter\Database\MySQLi\Result::result()
#0 /opt/lampp/htdocs/elib/system/View/View.php(210): include()
#1 /opt/lampp/htdocs/elib/system/View/View.php(213): CodeIgniter\View\View->CodeIgniter\View\{closure}()
#2 /opt/lampp/htdocs/elib/system/Common.php(1089): CodeIgniter\View\View->render('backend/front/a...', Array, true)
#3 /opt/lampp/htdocs/elib/app/Controllers/About.php(38): view('backend/front/a...')
#4 /opt/lampp/htdocs/elib/system/CodeIgniter.php(832): App\Controllers\About->index()
#5 /opt/lampp/htdocs/elib/system/CodeIgniter.php(419): CodeIgniter\CodeIgniter->runController(Object(App\Controllers\About))
#6 /opt/lampp/htdocs/elib/system/CodeIgniter.php(326): CodeIgniter\CodeIgniter->handleRequest(NULL, Object(Config\Cache), false)
#7 /opt/lampp/htdocs/elib/public/index.php(37): CodeIgniter\CodeIgniter->run()
#8 {main}
CRITICAL - 2022-04-05 00:02:33 --> Call to undefined method CodeIgniter\Database\MySQLi\Result::result()
#0 /opt/lampp/htdocs/elib/system/View/View.php(210): include()
#1 /opt/lampp/htdocs/elib/system/View/View.php(213): CodeIgniter\View\View->CodeIgniter\View\{closure}()
#2 /opt/lampp/htdocs/elib/system/Common.php(1089): CodeIgniter\View\View->render('backend/front/a...', Array, true)
#3 /opt/lampp/htdocs/elib/app/Controllers/About.php(38): view('backend/front/a...')
#4 /opt/lampp/htdocs/elib/system/CodeIgniter.php(832): App\Controllers\About->index()
#5 /opt/lampp/htdocs/elib/system/CodeIgniter.php(419): CodeIgniter\CodeIgniter->runController(Object(App\Controllers\About))
#6 /opt/lampp/htdocs/elib/system/CodeIgniter.php(326): CodeIgniter\CodeIgniter->handleRequest(NULL, Object(Config\Cache), false)
#7 /opt/lampp/htdocs/elib/public/index.php(37): CodeIgniter\CodeIgniter->run()
#8 {main}
