CRITICAL - 2022-04-06 01:26:21 --> mkdir(): Permission denied
#0 [internal function]: CodeIgniter\Debug\Exceptions->errorHandler(2, 'mkdir(): Permis...', '/opt/lampp/htdo...', 382, Array)
#1 /opt/lampp/htdocs/elib/app/Libraries/Modul.php(382): mkdir('/opt/lampp/htdo...', 493, true)
#2 /opt/lampp/htdocs/elib/app/Controllers/Login.php(52): App\Libraries\Modul->buat_folder('/opt/lampp/htdo...')
#3 /opt/lampp/htdocs/elib/system/CodeIgniter.php(832): App\Controllers\Login->proses()
#4 /opt/lampp/htdocs/elib/system/CodeIgniter.php(419): CodeIgniter\CodeIgniter->runController(Object(App\Controllers\Login))
#5 /opt/lampp/htdocs/elib/system/CodeIgniter.php(326): CodeIgniter\CodeIgniter->handleRequest(NULL, Object(Config\Cache), false)
#6 /opt/lampp/htdocs/elib/public/index.php(37): CodeIgniter\CodeIgniter->run()
#7 {main}
CRITICAL - 2022-04-06 02:01:17 --> Call to undefined method CodeIgniter\Database\MySQLi\Connection::where()
#0 /opt/lampp/htdocs/elib/app/Controllers/About.php(310): App\Models\Mcustom->delete('slider_tentang', Array)
#1 /opt/lampp/htdocs/elib/system/CodeIgniter.php(832): App\Controllers\About->hapusslider('S00003')
#2 /opt/lampp/htdocs/elib/system/CodeIgniter.php(419): CodeIgniter\CodeIgniter->runController(Object(App\Controllers\About))
#3 /opt/lampp/htdocs/elib/system/CodeIgniter.php(326): CodeIgniter\CodeIgniter->handleRequest(NULL, Object(Config\Cache), false)
#4 /opt/lampp/htdocs/elib/public/index.php(37): CodeIgniter\CodeIgniter->run()
#5 {main}
CRITICAL - 2022-04-06 02:03:01 --> Call to undefined method CodeIgniter\Database\MySQLi\Connection::where()
#0 /opt/lampp/htdocs/elib/app/Controllers/About.php(310): App\Models\Mcustom->delete('slider_tentang', Array)
#1 /opt/lampp/htdocs/elib/system/CodeIgniter.php(832): App\Controllers\About->hapusslider('S00003')
#2 /opt/lampp/htdocs/elib/system/CodeIgniter.php(419): CodeIgniter\CodeIgniter->runController(Object(App\Controllers\About))
#3 /opt/lampp/htdocs/elib/system/CodeIgniter.php(326): CodeIgniter\CodeIgniter->handleRequest(NULL, Object(Config\Cache), false)
#4 /opt/lampp/htdocs/elib/public/index.php(37): CodeIgniter\CodeIgniter->run()
#5 {main}
CRITICAL - 2022-04-06 02:03:17 --> Call to undefined method CodeIgniter\Database\MySQLi\Connection::where()
#0 /opt/lampp/htdocs/elib/app/Controllers/About.php(310): App\Models\Mcustom->delete('slider_tentang', Array)
#1 /opt/lampp/htdocs/elib/system/CodeIgniter.php(832): App\Controllers\About->hapusslider('S00003')
#2 /opt/lampp/htdocs/elib/system/CodeIgniter.php(419): CodeIgniter\CodeIgniter->runController(Object(App\Controllers\About))
#3 /opt/lampp/htdocs/elib/system/CodeIgniter.php(326): CodeIgniter\CodeIgniter->handleRequest(NULL, Object(Config\Cache), false)
#4 /opt/lampp/htdocs/elib/public/index.php(37): CodeIgniter\CodeIgniter->run()
#5 {main}
CRITICAL - 2022-04-06 02:17:13 --> Trying to get property 'path' of non-object
#0 /opt/lampp/htdocs/elib/app/Controllers/About.php(302): CodeIgniter\Debug\Exceptions->errorHandler(8, 'Trying to get p...', '/opt/lampp/htdo...', 302, Array)
#1 /opt/lampp/htdocs/elib/system/CodeIgniter.php(832): App\Controllers\About->hapusslider('S00001')
#2 /opt/lampp/htdocs/elib/system/CodeIgniter.php(419): CodeIgniter\CodeIgniter->runController(Object(App\Controllers\About))
#3 /opt/lampp/htdocs/elib/system/CodeIgniter.php(326): CodeIgniter\CodeIgniter->handleRequest(NULL, Object(Config\Cache), false)
#4 /opt/lampp/htdocs/elib/public/index.php(37): CodeIgniter\CodeIgniter->run()
#5 {main}
CRITICAL - 2022-04-06 03:05:16 --> Call to undefined method App\Models\Mcustom::getAllQR_nontb()
#0 /opt/lampp/htdocs/elib/system/CodeIgniter.php(832): App\Controllers\Home->index()
#1 /opt/lampp/htdocs/elib/system/CodeIgniter.php(419): CodeIgniter\CodeIgniter->runController(Object(App\Controllers\Home))
#2 /opt/lampp/htdocs/elib/system/CodeIgniter.php(326): CodeIgniter\CodeIgniter->handleRequest(NULL, Object(Config\Cache), false)
#3 /opt/lampp/htdocs/elib/public/index.php(37): CodeIgniter\CodeIgniter->run()
#4 {main}
ERROR - 2022-04-06 03:07:10 --> You have an error in your SQL syntax; check the manual that corresponds to your MariaDB server version for the right syntax to use near 'tentang' at line 1
CRITICAL - 2022-04-06 03:07:10 --> You have an error in your SQL syntax; check the manual that corresponds to your MariaDB server version for the right syntax to use near 'tentang' at line 1
#0 /opt/lampp/htdocs/elib/system/Database/MySQLi/Connection.php(292): mysqli->query('tentang', 0)
#1 /opt/lampp/htdocs/elib/system/Database/BaseConnection.php(670): CodeIgniter\Database\MySQLi\Connection->execute('tentang')
#2 /opt/lampp/htdocs/elib/system/Database/BaseConnection.php(598): CodeIgniter\Database\BaseConnection->simpleQuery('tentang')
#3 /opt/lampp/htdocs/elib/app/Models/Mcustom.php(26): CodeIgniter\Database\BaseConnection->query('tentang')
#4 /opt/lampp/htdocs/elib/app/Controllers/Home.php(45): App\Models\Mcustom->getAllQR('tentang')
#5 /opt/lampp/htdocs/elib/system/CodeIgniter.php(832): App\Controllers\Home->index()
#6 /opt/lampp/htdocs/elib/system/CodeIgniter.php(419): CodeIgniter\CodeIgniter->runController(Object(App\Controllers\Home))
#7 /opt/lampp/htdocs/elib/system/CodeIgniter.php(326): CodeIgniter\CodeIgniter->handleRequest(NULL, Object(Config\Cache), false)
#8 /opt/lampp/htdocs/elib/public/index.php(37): CodeIgniter\CodeIgniter->run()
#9 {main}
CRITICAL - 2022-04-06 03:07:28 --> Call to undefined method App\Models\Mcustom::getAllQR_nontb()
#0 /opt/lampp/htdocs/elib/system/CodeIgniter.php(832): App\Controllers\Home->index()
#1 /opt/lampp/htdocs/elib/system/CodeIgniter.php(419): CodeIgniter\CodeIgniter->runController(Object(App\Controllers\Home))
#2 /opt/lampp/htdocs/elib/system/CodeIgniter.php(326): CodeIgniter\CodeIgniter->handleRequest(NULL, Object(Config\Cache), false)
#3 /opt/lampp/htdocs/elib/public/index.php(37): CodeIgniter\CodeIgniter->run()
#4 {main}
CRITICAL - 2022-04-06 03:28:29 --> Undefined property: App\Controllers\Berita::$input
#0 /opt/lampp/htdocs/elib/app/Controllers/Berita.php(202): CodeIgniter\Debug\Exceptions->errorHandler(8, 'Undefined prope...', '/opt/lampp/htdo...', 202, Array)
#1 /opt/lampp/htdocs/elib/app/Controllers/Berita.php(132): App\Controllers\Berita->update_dengan_gambar()
#2 /opt/lampp/htdocs/elib/system/CodeIgniter.php(832): App\Controllers\Berita->proses()
#3 /opt/lampp/htdocs/elib/system/CodeIgniter.php(419): CodeIgniter\CodeIgniter->runController(Object(App\Controllers\Berita))
#4 /opt/lampp/htdocs/elib/system/CodeIgniter.php(326): CodeIgniter\CodeIgniter->handleRequest(NULL, Object(Config\Cache), false)
#5 /opt/lampp/htdocs/elib/public/index.php(37): CodeIgniter\CodeIgniter->run()
#6 {main}
CRITICAL - 2022-04-06 04:05:27 --> Class 'App\Controllers\Mcustom' not found
#0 /opt/lampp/htdocs/elib/system/CodeIgniter.php(809): App\Controllers\Korps->__construct()
#1 /opt/lampp/htdocs/elib/system/CodeIgniter.php(410): CodeIgniter\CodeIgniter->createController()
#2 /opt/lampp/htdocs/elib/system/CodeIgniter.php(326): CodeIgniter\CodeIgniter->handleRequest(NULL, Object(Config\Cache), false)
#3 /opt/lampp/htdocs/elib/public/index.php(37): CodeIgniter\CodeIgniter->run()
#4 {main}
CRITICAL - 2022-04-06 04:06:58 --> Undefined property: App\Controllers\Korps::$Mglobals
#0 /opt/lampp/htdocs/elib/app/Controllers/Korps.php(46): CodeIgniter\Debug\Exceptions->errorHandler(8, 'Undefined prope...', '/opt/lampp/htdo...', 46, Array)
#1 /opt/lampp/htdocs/elib/system/CodeIgniter.php(832): App\Controllers\Korps->ajaxlist()
#2 /opt/lampp/htdocs/elib/system/CodeIgniter.php(419): CodeIgniter\CodeIgniter->runController(Object(App\Controllers\Korps))
#3 /opt/lampp/htdocs/elib/system/CodeIgniter.php(326): CodeIgniter\CodeIgniter->handleRequest(NULL, Object(Config\Cache), false)
#4 /opt/lampp/htdocs/elib/public/index.php(37): CodeIgniter\CodeIgniter->run()
#5 {main}
CRITICAL - 2022-04-06 04:07:11 --> Undefined property: App\Controllers\Korps::$Mglobals
#0 /opt/lampp/htdocs/elib/app/Controllers/Korps.php(46): CodeIgniter\Debug\Exceptions->errorHandler(8, 'Undefined prope...', '/opt/lampp/htdo...', 46, Array)
#1 /opt/lampp/htdocs/elib/system/CodeIgniter.php(832): App\Controllers\Korps->ajaxlist()
#2 /opt/lampp/htdocs/elib/system/CodeIgniter.php(419): CodeIgniter\CodeIgniter->runController(Object(App\Controllers\Korps))
#3 /opt/lampp/htdocs/elib/system/CodeIgniter.php(326): CodeIgniter\CodeIgniter->handleRequest(NULL, Object(Config\Cache), false)
#4 /opt/lampp/htdocs/elib/public/index.php(37): CodeIgniter\CodeIgniter->run()
#5 {main}
CRITICAL - 2022-04-06 04:09:01 --> Undefined property: App\Controllers\Korps::$input
#0 /opt/lampp/htdocs/elib/app/Controllers/Korps.php(67): CodeIgniter\Debug\Exceptions->errorHandler(8, 'Undefined prope...', '/opt/lampp/htdo...', 67, Array)
#1 /opt/lampp/htdocs/elib/system/CodeIgniter.php(832): App\Controllers\Korps->ajax_add()
#2 /opt/lampp/htdocs/elib/system/CodeIgniter.php(419): CodeIgniter\CodeIgniter->runController(Object(App\Controllers\Korps))
#3 /opt/lampp/htdocs/elib/system/CodeIgniter.php(326): CodeIgniter\CodeIgniter->handleRequest(NULL, Object(Config\Cache), false)
#4 /opt/lampp/htdocs/elib/public/index.php(37): CodeIgniter\CodeIgniter->run()
#5 {main}
CRITICAL - 2022-04-06 04:09:50 --> Undefined property: App\Controllers\Korps::$input
#0 /opt/lampp/htdocs/elib/app/Controllers/Korps.php(96): CodeIgniter\Debug\Exceptions->errorHandler(8, 'Undefined prope...', '/opt/lampp/htdo...', 96, Array)
#1 /opt/lampp/htdocs/elib/system/CodeIgniter.php(832): App\Controllers\Korps->ajax_edit()
#2 /opt/lampp/htdocs/elib/system/CodeIgniter.php(419): CodeIgniter\CodeIgniter->runController(Object(App\Controllers\Korps))
#3 /opt/lampp/htdocs/elib/system/CodeIgniter.php(326): CodeIgniter\CodeIgniter->handleRequest(NULL, Object(Config\Cache), false)
#4 /opt/lampp/htdocs/elib/public/index.php(37): CodeIgniter\CodeIgniter->run()
#5 {main}
CRITICAL - 2022-04-06 04:09:52 --> Undefined property: App\Controllers\Korps::$input
#0 /opt/lampp/htdocs/elib/app/Controllers/Korps.php(96): CodeIgniter\Debug\Exceptions->errorHandler(8, 'Undefined prope...', '/opt/lampp/htdo...', 96, Array)
#1 /opt/lampp/htdocs/elib/system/CodeIgniter.php(832): App\Controllers\Korps->ajax_edit()
#2 /opt/lampp/htdocs/elib/system/CodeIgniter.php(419): CodeIgniter\CodeIgniter->runController(Object(App\Controllers\Korps))
#3 /opt/lampp/htdocs/elib/system/CodeIgniter.php(326): CodeIgniter\CodeIgniter->handleRequest(NULL, Object(Config\Cache), false)
#4 /opt/lampp/htdocs/elib/public/index.php(37): CodeIgniter\CodeIgniter->run()
#5 {main}
CRITICAL - 2022-04-06 04:17:29 --> Undefined property: App\Controllers\Pangkat::$Mglobals
#0 /opt/lampp/htdocs/elib/app/Controllers/Pangkat.php(46): CodeIgniter\Debug\Exceptions->errorHandler(8, 'Undefined prope...', '/opt/lampp/htdo...', 46, Array)
#1 /opt/lampp/htdocs/elib/system/CodeIgniter.php(832): App\Controllers\Pangkat->ajaxlist()
#2 /opt/lampp/htdocs/elib/system/CodeIgniter.php(419): CodeIgniter\CodeIgniter->runController(Object(App\Controllers\Pangkat))
#3 /opt/lampp/htdocs/elib/system/CodeIgniter.php(326): CodeIgniter\CodeIgniter->handleRequest(NULL, Object(Config\Cache), false)
#4 /opt/lampp/htdocs/elib/public/index.php(37): CodeIgniter\CodeIgniter->run()
#5 {main}
CRITICAL - 2022-04-06 04:17:45 --> Call to undefined method CodeIgniter\Database\MySQLi\Result::result()
#0 /opt/lampp/htdocs/elib/system/CodeIgniter.php(832): App\Controllers\Pangkat->ajaxlist()
#1 /opt/lampp/htdocs/elib/system/CodeIgniter.php(419): CodeIgniter\CodeIgniter->runController(Object(App\Controllers\Pangkat))
#2 /opt/lampp/htdocs/elib/system/CodeIgniter.php(326): CodeIgniter\CodeIgniter->handleRequest(NULL, Object(Config\Cache), false)
#3 /opt/lampp/htdocs/elib/public/index.php(37): CodeIgniter\CodeIgniter->run()
#4 {main}
CRITICAL - 2022-04-06 07:01:59 --> Undefined property: App\Controllers\Kategori::$load
#0 D:\wamp64\www\elib\app\Controllers\Kategori.php(149): CodeIgniter\Debug\Exceptions->errorHandler(8, 'Undefined prope...', 'D:\\wamp64\\www\\e...', 149, Array)
#1 D:\wamp64\www\elib\system\CodeIgniter.php(832): App\Controllers\Kategori->detil('anhoWDNwSFFYWlR...')
#2 D:\wamp64\www\elib\system\CodeIgniter.php(419): CodeIgniter\CodeIgniter->runController(Object(App\Controllers\Kategori))
#3 D:\wamp64\www\elib\system\CodeIgniter.php(326): CodeIgniter\CodeIgniter->handleRequest(NULL, Object(Config\Cache), false)
#4 D:\wamp64\www\elib\public\index.php(37): CodeIgniter\CodeIgniter->run()
#5 {main}
CRITICAL - 2022-04-06 07:06:57 --> Call to undefined method CodeIgniter\Database\MySQLi\Result::result()
#0 D:\wamp64\www\elib\system\View\View.php(210): include()
#1 D:\wamp64\www\elib\system\View\View.php(213): CodeIgniter\View\View->CodeIgniter\View\{closure}()
#2 D:\wamp64\www\elib\system\Common.php(1089): CodeIgniter\View\View->render('backend/penggun...', Array, true)
#3 D:\wamp64\www\elib\app\Controllers\Siswa.php(39): view('backend/penggun...')
#4 D:\wamp64\www\elib\system\CodeIgniter.php(832): App\Controllers\Siswa->index()
#5 D:\wamp64\www\elib\system\CodeIgniter.php(419): CodeIgniter\CodeIgniter->runController(Object(App\Controllers\Siswa))
#6 D:\wamp64\www\elib\system\CodeIgniter.php(326): CodeIgniter\CodeIgniter->handleRequest(NULL, Object(Config\Cache), false)
#7 D:\wamp64\www\elib\public\index.php(37): CodeIgniter\CodeIgniter->run()
#8 {main}
CRITICAL - 2022-04-06 07:07:55 --> Call to undefined method CodeIgniter\Database\MySQLi\Result::result()
#0 D:\wamp64\www\elib\system\CodeIgniter.php(832): App\Controllers\Siswa->ajaxlist()
#1 D:\wamp64\www\elib\system\CodeIgniter.php(419): CodeIgniter\CodeIgniter->runController(Object(App\Controllers\Siswa))
#2 D:\wamp64\www\elib\system\CodeIgniter.php(326): CodeIgniter\CodeIgniter->handleRequest(NULL, Object(Config\Cache), false)
#3 D:\wamp64\www\elib\public\index.php(37): CodeIgniter\CodeIgniter->run()
#4 {main}
CRITICAL - 2022-04-06 07:08:30 --> Call to undefined method CodeIgniter\Database\MySQLi\Result::result()
#0 D:\wamp64\www\elib\system\CodeIgniter.php(832): App\Controllers\Siswa->ajaxlist()
#1 D:\wamp64\www\elib\system\CodeIgniter.php(419): CodeIgniter\CodeIgniter->runController(Object(App\Controllers\Siswa))
#2 D:\wamp64\www\elib\system\CodeIgniter.php(326): CodeIgniter\CodeIgniter->handleRequest(NULL, Object(Config\Cache), false)
#3 D:\wamp64\www\elib\public\index.php(37): CodeIgniter\CodeIgniter->run()
#4 {main}
CRITICAL - 2022-04-06 07:08:34 --> Call to undefined method CodeIgniter\Database\MySQLi\Result::result()
#0 D:\wamp64\www\elib\system\CodeIgniter.php(832): App\Controllers\Siswa->ajaxlist()
#1 D:\wamp64\www\elib\system\CodeIgniter.php(419): CodeIgniter\CodeIgniter->runController(Object(App\Controllers\Siswa))
#2 D:\wamp64\www\elib\system\CodeIgniter.php(326): CodeIgniter\CodeIgniter->handleRequest(NULL, Object(Config\Cache), false)
#3 D:\wamp64\www\elib\public\index.php(37): CodeIgniter\CodeIgniter->run()
#4 {main}
CRITICAL - 2022-04-06 07:08:50 --> Undefined property: App\Controllers\Siswa::$uri
#0 D:\wamp64\www\elib\app\Controllers\Siswa.php(164): CodeIgniter\Debug\Exceptions->errorHandler(8, 'Undefined prope...', 'D:\\wamp64\\www\\e...', 164, Array)
#1 D:\wamp64\www\elib\system\CodeIgniter.php(832): App\Controllers\Siswa->ganti('S00002')
#2 D:\wamp64\www\elib\system\CodeIgniter.php(419): CodeIgniter\CodeIgniter->runController(Object(App\Controllers\Siswa))
#3 D:\wamp64\www\elib\system\CodeIgniter.php(326): CodeIgniter\CodeIgniter->handleRequest(NULL, Object(Config\Cache), false)
#4 D:\wamp64\www\elib\public\index.php(37): CodeIgniter\CodeIgniter->run()
#5 {main}
CRITICAL - 2022-04-06 07:30:06 --> Too few arguments to function App\Controllers\Siswa::update_dengan_gambar(), 0 passed in D:\wamp64\www\elib\app\Controllers\Siswa.php on line 178 and exactly 1 expected
#0 D:\wamp64\www\elib\app\Controllers\Siswa.php(178): App\Controllers\Siswa->update_dengan_gambar()
#1 D:\wamp64\www\elib\system\CodeIgniter.php(832): App\Controllers\Siswa->ajax_edit()
#2 D:\wamp64\www\elib\system\CodeIgniter.php(419): CodeIgniter\CodeIgniter->runController(Object(App\Controllers\Siswa))
#3 D:\wamp64\www\elib\system\CodeIgniter.php(326): CodeIgniter\CodeIgniter->handleRequest(NULL, Object(Config\Cache), false)
#4 D:\wamp64\www\elib\public\index.php(37): CodeIgniter\CodeIgniter->run()
#5 {main}
CRITICAL - 2022-04-06 07:35:39 --> Undefined property: App\Controllers\Penelitian::$uri
#0 D:\wamp64\www\elib\app\Controllers\Penelitian.php(80): CodeIgniter\Debug\Exceptions->errorHandler(8, 'Undefined prope...', 'D:\\wamp64\\www\\e...', 80, Array)
#1 D:\wamp64\www\elib\system\CodeIgniter.php(832): App\Controllers\Penelitian->detil('ZGNveTAvSjhpR3Z...')
#2 D:\wamp64\www\elib\system\CodeIgniter.php(419): CodeIgniter\CodeIgniter->runController(Object(App\Controllers\Penelitian))
#3 D:\wamp64\www\elib\system\CodeIgniter.php(326): CodeIgniter\CodeIgniter->handleRequest(NULL, Object(Config\Cache), false)
#4 D:\wamp64\www\elib\public\index.php(37): CodeIgniter\CodeIgniter->run()
#5 {main}
CRITICAL - 2022-04-06 07:36:36 --> Undefined variable: nama_siswa
#0 D:\wamp64\www\elib\app\Views\backend\penelitian\detil.php(111): CodeIgniter\Debug\Exceptions->errorHandler(8, 'Undefined varia...', 'D:\\wamp64\\www\\e...', 111, Array)
#1 D:\wamp64\www\elib\system\View\View.php(210): include('D:\\wamp64\\www\\e...')
#2 D:\wamp64\www\elib\system\View\View.php(213): CodeIgniter\View\View->CodeIgniter\View\{closure}()
#3 D:\wamp64\www\elib\system\Common.php(1089): CodeIgniter\View\View->render('backend/penelit...', Array, true)
#4 D:\wamp64\www\elib\app\Controllers\Penelitian.php(99): view('backend/penelit...')
#5 D:\wamp64\www\elib\system\CodeIgniter.php(832): App\Controllers\Penelitian->detil('ZGNveTAvSjhpR3Z...')
#6 D:\wamp64\www\elib\system\CodeIgniter.php(419): CodeIgniter\CodeIgniter->runController(Object(App\Controllers\Penelitian))
#7 D:\wamp64\www\elib\system\CodeIgniter.php(326): CodeIgniter\CodeIgniter->handleRequest(NULL, Object(Config\Cache), false)
#8 D:\wamp64\www\elib\public\index.php(37): CodeIgniter\CodeIgniter->run()
#9 {main}
CRITICAL - 2022-04-06 07:37:43 --> Undefined property: App\Controllers\Penelitian::$uri
#0 D:\wamp64\www\elib\app\Controllers\Penelitian.php(426): CodeIgniter\Debug\Exceptions->errorHandler(8, 'Undefined prope...', 'D:\\wamp64\\www\\e...', 426, Array)
#1 D:\wamp64\www\elib\system\CodeIgniter.php(832): App\Controllers\Penelitian->getsubkat('K00002', 'P00001')
#2 D:\wamp64\www\elib\system\CodeIgniter.php(419): CodeIgniter\CodeIgniter->runController(Object(App\Controllers\Penelitian))
#3 D:\wamp64\www\elib\system\CodeIgniter.php(326): CodeIgniter\CodeIgniter->handleRequest(NULL, Object(Config\Cache), false)
#4 D:\wamp64\www\elib\public\index.php(37): CodeIgniter\CodeIgniter->run()
#5 {main}
CRITICAL - 2022-04-06 07:38:23 --> Undefined property: App\Controllers\Penelitian::$uri
#0 D:\wamp64\www\elib\app\Controllers\Penelitian.php(426): CodeIgniter\Debug\Exceptions->errorHandler(8, 'Undefined prope...', 'D:\\wamp64\\www\\e...', 426, Array)
#1 D:\wamp64\www\elib\system\CodeIgniter.php(832): App\Controllers\Penelitian->getsubkat('K00002', 'P00001')
#2 D:\wamp64\www\elib\system\CodeIgniter.php(419): CodeIgniter\CodeIgniter->runController(Object(App\Controllers\Penelitian))
#3 D:\wamp64\www\elib\system\CodeIgniter.php(326): CodeIgniter\CodeIgniter->handleRequest(NULL, Object(Config\Cache), false)
#4 D:\wamp64\www\elib\public\index.php(37): CodeIgniter\CodeIgniter->run()
#5 {main}
CRITICAL - 2022-04-06 07:38:30 --> Undefined property: App\Controllers\Penelitian::$uri
#0 D:\wamp64\www\elib\app\Controllers\Penelitian.php(426): CodeIgniter\Debug\Exceptions->errorHandler(8, 'Undefined prope...', 'D:\\wamp64\\www\\e...', 426, Array)
#1 D:\wamp64\www\elib\system\CodeIgniter.php(832): App\Controllers\Penelitian->getsubkat('K00002', 'P00001')
#2 D:\wamp64\www\elib\system\CodeIgniter.php(419): CodeIgniter\CodeIgniter->runController(Object(App\Controllers\Penelitian))
#3 D:\wamp64\www\elib\system\CodeIgniter.php(326): CodeIgniter\CodeIgniter->handleRequest(NULL, Object(Config\Cache), false)
#4 D:\wamp64\www\elib\public\index.php(37): CodeIgniter\CodeIgniter->run()
#5 {main}
CRITICAL - 2022-04-06 07:40:00 --> Call to undefined method CodeIgniter\Database\MySQLi\Result::result()
#0 D:\wamp64\www\elib\system\CodeIgniter.php(832): App\Controllers\Penelitian->getsubkat('K00002', 'P00001')
#1 D:\wamp64\www\elib\system\CodeIgniter.php(419): CodeIgniter\CodeIgniter->runController(Object(App\Controllers\Penelitian))
#2 D:\wamp64\www\elib\system\CodeIgniter.php(326): CodeIgniter\CodeIgniter->handleRequest(NULL, Object(Config\Cache), false)
#3 D:\wamp64\www\elib\public\index.php(37): CodeIgniter\CodeIgniter->run()
#4 {main}
CRITICAL - 2022-04-06 07:52:07 --> Undefined variable: model
#0 D:\wamp64\www\elib\app\Controllers\Home.php(21): CodeIgniter\Debug\Exceptions->errorHandler(8, 'Undefined varia...', 'D:\\wamp64\\www\\e...', 21, Array)
#1 D:\wamp64\www\elib\system\CodeIgniter.php(832): App\Controllers\Home->index()
#2 D:\wamp64\www\elib\system\CodeIgniter.php(419): CodeIgniter\CodeIgniter->runController(Object(App\Controllers\Home))
#3 D:\wamp64\www\elib\system\CodeIgniter.php(326): CodeIgniter\CodeIgniter->handleRequest(NULL, Object(Config\Cache), false)
#4 D:\wamp64\www\elib\public\index.php(37): CodeIgniter\CodeIgniter->run()
#5 {main}
CRITICAL - 2022-04-06 07:52:43 --> Undefined variable: model
#0 D:\wamp64\www\elib\app\Controllers\Home.php(52): CodeIgniter\Debug\Exceptions->errorHandler(8, 'Undefined varia...', 'D:\\wamp64\\www\\e...', 52, Array)
#1 D:\wamp64\www\elib\system\CodeIgniter.php(832): App\Controllers\Home->index()
#2 D:\wamp64\www\elib\system\CodeIgniter.php(419): CodeIgniter\CodeIgniter->runController(Object(App\Controllers\Home))
#3 D:\wamp64\www\elib\system\CodeIgniter.php(326): CodeIgniter\CodeIgniter->handleRequest(NULL, Object(Config\Cache), false)
#4 D:\wamp64\www\elib\public\index.php(37): CodeIgniter\CodeIgniter->run()
#5 {main}
CRITICAL - 2022-04-06 07:52:59 --> Undefined variable: model
#0 D:\wamp64\www\elib\app\Controllers\Home.php(54): CodeIgniter\Debug\Exceptions->errorHandler(8, 'Undefined varia...', 'D:\\wamp64\\www\\e...', 54, Array)
#1 D:\wamp64\www\elib\system\CodeIgniter.php(832): App\Controllers\Home->index()
#2 D:\wamp64\www\elib\system\CodeIgniter.php(419): CodeIgniter\CodeIgniter->runController(Object(App\Controllers\Home))
#3 D:\wamp64\www\elib\system\CodeIgniter.php(326): CodeIgniter\CodeIgniter->handleRequest(NULL, Object(Config\Cache), false)
#4 D:\wamp64\www\elib\public\index.php(37): CodeIgniter\CodeIgniter->run()
#5 {main}
CRITICAL - 2022-04-06 08:01:05 --> Undefined property: App\Controllers\Penelitian::$uri
#0 D:\wamp64\www\elib\app\Controllers\Penelitian.php(293): CodeIgniter\Debug\Exceptions->errorHandler(8, 'Undefined prope...', 'D:\\wamp64\\www\\e...', 293, Array)
#1 D:\wamp64\www\elib\system\CodeIgniter.php(832): App\Controllers\Penelitian->dokumen('ZGNveTAvSjhpR3Z...')
#2 D:\wamp64\www\elib\system\CodeIgniter.php(419): CodeIgniter\CodeIgniter->runController(Object(App\Controllers\Penelitian))
#3 D:\wamp64\www\elib\system\CodeIgniter.php(326): CodeIgniter\CodeIgniter->handleRequest(NULL, Object(Config\Cache), false)
#4 D:\wamp64\www\elib\public\index.php(37): CodeIgniter\CodeIgniter->run()
#5 {main}
CRITICAL - 2022-04-06 08:02:42 --> Undefined property: App\Controllers\Penelitian::$uri
#0 D:\wamp64\www\elib\app\Controllers\Penelitian.php(321): CodeIgniter\Debug\Exceptions->errorHandler(8, 'Undefined prope...', 'D:\\wamp64\\www\\e...', 321, Array)
#1 D:\wamp64\www\elib\system\CodeIgniter.php(832): App\Controllers\Penelitian->ajaxdokumen('P00001')
#2 D:\wamp64\www\elib\system\CodeIgniter.php(419): CodeIgniter\CodeIgniter->runController(Object(App\Controllers\Penelitian))
#3 D:\wamp64\www\elib\system\CodeIgniter.php(326): CodeIgniter\CodeIgniter->handleRequest(NULL, Object(Config\Cache), false)
#4 D:\wamp64\www\elib\public\index.php(37): CodeIgniter\CodeIgniter->run()
#5 {main}
CRITICAL - 2022-04-06 08:03:03 --> Undefined property: App\Controllers\Penelitian::$uri
#0 D:\wamp64\www\elib\app\Controllers\Penelitian.php(321): CodeIgniter\Debug\Exceptions->errorHandler(8, 'Undefined prope...', 'D:\\wamp64\\www\\e...', 321, Array)
#1 D:\wamp64\www\elib\system\CodeIgniter.php(832): App\Controllers\Penelitian->ajaxdokumen('P00001')
#2 D:\wamp64\www\elib\system\CodeIgniter.php(419): CodeIgniter\CodeIgniter->runController(Object(App\Controllers\Penelitian))
#3 D:\wamp64\www\elib\system\CodeIgniter.php(326): CodeIgniter\CodeIgniter->handleRequest(NULL, Object(Config\Cache), false)
#4 D:\wamp64\www\elib\public\index.php(37): CodeIgniter\CodeIgniter->run()
#5 {main}
CRITICAL - 2022-04-06 08:03:31 --> Undefined property: App\Controllers\Penelitian::$load
#0 D:\wamp64\www\elib\app\Controllers\Penelitian.php(414): CodeIgniter\Debug\Exceptions->errorHandler(8, 'Undefined prope...', 'D:\\wamp64\\www\\e...', 414, Array)
#1 D:\wamp64\www\elib\system\CodeIgniter.php(832): App\Controllers\Penelitian->unduhfile('D00001')
#2 D:\wamp64\www\elib\system\CodeIgniter.php(419): CodeIgniter\CodeIgniter->runController(Object(App\Controllers\Penelitian))
#3 D:\wamp64\www\elib\system\CodeIgniter.php(326): CodeIgniter\CodeIgniter->handleRequest(NULL, Object(Config\Cache), false)
#4 D:\wamp64\www\elib\public\index.php(37): CodeIgniter\CodeIgniter->run()
#5 {main}
CRITICAL - 2022-04-06 08:10:07 --> Undefined property: App\Controllers\Penelitian::$load
#0 D:\wamp64\www\elib\app\Controllers\Penelitian.php(414): CodeIgniter\Debug\Exceptions->errorHandler(8, 'Undefined prope...', 'D:\\wamp64\\www\\e...', 414, Array)
#1 D:\wamp64\www\elib\system\CodeIgniter.php(832): App\Controllers\Penelitian->unduhfile('D00001')
#2 D:\wamp64\www\elib\system\CodeIgniter.php(419): CodeIgniter\CodeIgniter->runController(Object(App\Controllers\Penelitian))
#3 D:\wamp64\www\elib\system\CodeIgniter.php(326): CodeIgniter\CodeIgniter->handleRequest(NULL, Object(Config\Cache), false)
#4 D:\wamp64\www\elib\public\index.php(37): CodeIgniter\CodeIgniter->run()
#5 {main}
CRITICAL - 2022-04-06 08:10:27 --> File not found: dokumen/./assets/dokumen/73d120e839f4d60c0d9360f5dcd60038.pdf
#0 D:\wamp64\www\elib\system\Files\File.php(46): CodeIgniter\Files\Exceptions\FileNotFoundException::forFileNotFound('dokumen/./asset...')
#1 D:\wamp64\www\elib\system\HTTP\DownloadResponse.php(107): CodeIgniter\Files\File->__construct('dokumen/./asset...', true)
#2 D:\wamp64\www\elib\system\HTTP\ResponseTrait.php(774): CodeIgniter\HTTP\DownloadResponse->setFilePath('dokumen/./asset...')
#3 D:\wamp64\www\elib\app\Controllers\Penelitian.php(416): CodeIgniter\HTTP\Response->download('73d120e839f4d60...', NULL)
#4 D:\wamp64\www\elib\system\CodeIgniter.php(832): App\Controllers\Penelitian->unduhfile('D00001')
#5 D:\wamp64\www\elib\system\CodeIgniter.php(419): CodeIgniter\CodeIgniter->runController(Object(App\Controllers\Penelitian))
#6 D:\wamp64\www\elib\system\CodeIgniter.php(326): CodeIgniter\CodeIgniter->handleRequest(NULL, Object(Config\Cache), false)
#7 D:\wamp64\www\elib\public\index.php(37): CodeIgniter\CodeIgniter->run()
#8 {main}
